{"C:\\Users\\NaftSan\\Desktop\\dev\\react\\todo-test-task-react\\src\\App.tsx": {"path":"C:\\Users\\NaftSan\\Desktop\\dev\\react\\todo-test-task-react\\src\\App.tsx","all":false,"statementMap":{"0":{"start":{"line":1,"column":0},"end":{"line":1,"column":54}},"1":{"start":{"line":2,"column":0},"end":{"line":2,"column":47}},"2":{"start":{"line":3,"column":0},"end":{"line":3,"column":49}},"3":{"start":{"line":4,"column":0},"end":{"line":4,"column":61}},"4":{"start":{"line":5,"column":0},"end":{"line":5,"column":51}},"5":{"start":{"line":6,"column":0},"end":{"line":6,"column":19}},"7":{"start":{"line":8,"column":0},"end":{"line":8,"column":16}},"8":{"start":{"line":9,"column":0},"end":{"line":9,"column":10}},"9":{"start":{"line":10,"column":0},"end":{"line":10,"column":18}},"10":{"start":{"line":11,"column":0},"end":{"line":11,"column":27}},"11":{"start":{"line":12,"column":0},"end":{"line":12,"column":39}},"12":{"start":{"line":13,"column":0},"end":{"line":13,"column":24}},"13":{"start":{"line":14,"column":0},"end":{"line":14,"column":17}},"15":{"start":{"line":16,"column":0},"end":{"line":16,"column":35}},"16":{"start":{"line":17,"column":0},"end":{"line":17,"column":21}},"17":{"start":{"line":18,"column":0},"end":{"line":18,"column":22}},"19":{"start":{"line":20,"column":0},"end":{"line":20,"column":41}},"20":{"start":{"line":21,"column":0},"end":{"line":21,"column":25}},"21":{"start":{"line":22,"column":0},"end":{"line":22,"column":30}},"22":{"start":{"line":23,"column":0},"end":{"line":23,"column":19}},"23":{"start":{"line":24,"column":0},"end":{"line":24,"column":15}},"24":{"start":{"line":25,"column":0},"end":{"line":25,"column":12}},"25":{"start":{"line":26,"column":0},"end":{"line":26,"column":19}},"27":{"start":{"line":28,"column":0},"end":{"line":28,"column":1}},"29":{"start":{"line":30,"column":0},"end":{"line":30,"column":19}}},"s":{"0":1,"1":1,"2":1,"3":1,"4":1,"5":1,"7":11,"8":11,"9":11,"10":11,"11":11,"12":11,"13":11,"15":11,"16":11,"17":11,"19":11,"20":11,"21":11,"22":11,"23":11,"24":11,"25":11,"27":11,"29":1},"branchMap":{"0":{"type":"branch","line":8,"loc":{"start":{"line":8,"column":0},"end":{"line":28,"column":1}},"locations":[{"start":{"line":8,"column":0},"end":{"line":28,"column":1}}]}},"b":{"0":[11]},"fnMap":{"0":{"name":"App","decl":{"start":{"line":8,"column":0},"end":{"line":28,"column":1}},"loc":{"start":{"line":8,"column":0},"end":{"line":28,"column":1}},"line":8}},"f":{"0":11}}
,"C:\\Users\\NaftSan\\Desktop\\dev\\react\\todo-test-task-react\\src\\main.tsx": {"path":"C:\\Users\\NaftSan\\Desktop\\dev\\react\\todo-test-task-react\\src\\main.tsx","all":true,"statementMap":{"0":{"start":{"line":1,"column":0},"end":{"line":1,"column":34}},"1":{"start":{"line":2,"column":0},"end":{"line":2,"column":45}},"2":{"start":{"line":3,"column":0},"end":{"line":3,"column":20}},"3":{"start":{"line":4,"column":0},"end":{"line":4,"column":27}},"5":{"start":{"line":6,"column":0},"end":{"line":6,"column":52}},"6":{"start":{"line":7,"column":0},"end":{"line":7,"column":14}},"7":{"start":{"line":8,"column":0},"end":{"line":8,"column":11}},"8":{"start":{"line":9,"column":0},"end":{"line":9,"column":16}},"9":{"start":{"line":10,"column":0},"end":{"line":10,"column":1}}},"s":{"0":0,"1":0,"2":0,"3":0,"5":0,"6":0,"7":0,"8":0,"9":0},"branchMap":{"0":{"type":"branch","line":1,"loc":{"start":{"line":1,"column":203},"end":{"line":10,"column":-148}},"locations":[{"start":{"line":1,"column":203},"end":{"line":10,"column":-148}}]}},"b":{"0":[0]},"fnMap":{"0":{"name":"(empty-report)","decl":{"start":{"line":1,"column":203},"end":{"line":10,"column":-148}},"loc":{"start":{"line":1,"column":203},"end":{"line":10,"column":-148}},"line":1}},"f":{"0":0}}
,"C:\\Users\\NaftSan\\Desktop\\dev\\react\\todo-test-task-react\\src\\components\\AddTodo.tsx": {"path":"C:\\Users\\NaftSan\\Desktop\\dev\\react\\todo-test-task-react\\src\\components\\AddTodo.tsx","all":false,"statementMap":{"0":{"start":{"line":1,"column":0},"end":{"line":1,"column":33}},"1":{"start":{"line":2,"column":0},"end":{"line":2,"column":51}},"3":{"start":{"line":4,"column":0},"end":{"line":4,"column":27}},"4":{"start":{"line":5,"column":0},"end":{"line":5,"column":39}},"5":{"start":{"line":6,"column":0},"end":{"line":6,"column":33}},"7":{"start":{"line":8,"column":0},"end":{"line":8,"column":48}},"8":{"start":{"line":9,"column":0},"end":{"line":9,"column":23}},"9":{"start":{"line":10,"column":0},"end":{"line":10,"column":22}},"10":{"start":{"line":11,"column":0},"end":{"line":11,"column":20}},"11":{"start":{"line":12,"column":0},"end":{"line":12,"column":18}},"12":{"start":{"line":13,"column":0},"end":{"line":13,"column":5}},"13":{"start":{"line":14,"column":0},"end":{"line":14,"column":4}},"15":{"start":{"line":16,"column":0},"end":{"line":16,"column":10}},"16":{"start":{"line":17,"column":0},"end":{"line":17,"column":55}},"17":{"start":{"line":18,"column":0},"end":{"line":18,"column":12}},"18":{"start":{"line":19,"column":0},"end":{"line":19,"column":19}},"19":{"start":{"line":20,"column":0},"end":{"line":20,"column":20}},"20":{"start":{"line":21,"column":0},"end":{"line":21,"column":49}},"21":{"start":{"line":22,"column":0},"end":{"line":22,"column":44}},"22":{"start":{"line":23,"column":0},"end":{"line":23,"column":34}},"23":{"start":{"line":24,"column":0},"end":{"line":24,"column":17}},"24":{"start":{"line":25,"column":0},"end":{"line":25,"column":8}},"25":{"start":{"line":26,"column":0},"end":{"line":26,"column":11}},"27":{"start":{"line":28,"column":0},"end":{"line":28,"column":1}}},"s":{"0":1,"1":1,"3":1,"4":192,"5":192,"7":192,"8":15,"9":15,"10":14,"11":14,"12":14,"13":15,"15":192,"16":192,"17":192,"18":192,"19":192,"20":192,"21":192,"22":192,"23":192,"24":192,"25":192,"27":192},"branchMap":{"0":{"type":"branch","line":4,"loc":{"start":{"line":4,"column":7},"end":{"line":28,"column":1}},"locations":[{"start":{"line":4,"column":7},"end":{"line":28,"column":1}}]},"1":{"type":"branch","line":8,"loc":{"start":{"line":8,"column":23},"end":{"line":14,"column":4}},"locations":[{"start":{"line":8,"column":23},"end":{"line":14,"column":4}}]},"2":{"type":"branch","line":10,"loc":{"start":{"line":10,"column":21},"end":{"line":13,"column":5}},"locations":[{"start":{"line":10,"column":21},"end":{"line":13,"column":5}}]},"3":{"type":"branch","line":21,"loc":{"start":{"line":21,"column":18},"end":{"line":21,"column":49}},"locations":[{"start":{"line":21,"column":18},"end":{"line":21,"column":49}}]}},"b":{"0":[192],"1":[15],"2":[14],"3":[154]},"fnMap":{"0":{"name":"AddTodo","decl":{"start":{"line":4,"column":7},"end":{"line":28,"column":1}},"loc":{"start":{"line":4,"column":7},"end":{"line":28,"column":1}},"line":4},"1":{"name":"handleSubmit","decl":{"start":{"line":8,"column":23},"end":{"line":14,"column":4}},"loc":{"start":{"line":8,"column":23},"end":{"line":14,"column":4}},"line":8},"2":{"name":"onChange","decl":{"start":{"line":21,"column":18},"end":{"line":21,"column":49}},"loc":{"start":{"line":21,"column":18},"end":{"line":21,"column":49}},"line":21}},"f":{"0":192,"1":15,"2":154}}
,"C:\\Users\\NaftSan\\Desktop\\dev\\react\\todo-test-task-react\\src\\components\\FilterControls.tsx": {"path":"C:\\Users\\NaftSan\\Desktop\\dev\\react\\todo-test-task-react\\src\\components\\FilterControls.tsx","all":false,"statementMap":{"1":{"start":{"line":2,"column":0},"end":{"line":2,"column":51}},"3":{"start":{"line":4,"column":0},"end":{"line":4,"column":55}},"4":{"start":{"line":5,"column":0},"end":{"line":5,"column":31}},"5":{"start":{"line":6,"column":0},"end":{"line":6,"column":37}},"6":{"start":{"line":7,"column":0},"end":{"line":7,"column":43}},"7":{"start":{"line":8,"column":0},"end":{"line":8,"column":2}},"9":{"start":{"line":10,"column":0},"end":{"line":10,"column":34}},"10":{"start":{"line":11,"column":0},"end":{"line":11,"column":42}},"12":{"start":{"line":13,"column":0},"end":{"line":13,"column":10}},"13":{"start":{"line":14,"column":0},"end":{"line":14,"column":37}},"14":{"start":{"line":15,"column":0},"end":{"line":15,"column":30}},"15":{"start":{"line":16,"column":0},"end":{"line":16,"column":15}},"16":{"start":{"line":17,"column":0},"end":{"line":17,"column":26}},"17":{"start":{"line":18,"column":0},"end":{"line":18,"column":47}},"18":{"start":{"line":19,"column":0},"end":{"line":19,"column":84}},"20":{"start":{"line":21,"column":0},"end":{"line":21,"column":24}},"21":{"start":{"line":22,"column":0},"end":{"line":22,"column":17}},"22":{"start":{"line":23,"column":0},"end":{"line":23,"column":9}},"23":{"start":{"line":24,"column":0},"end":{"line":24,"column":10}},"25":{"start":{"line":26,"column":0},"end":{"line":26,"column":1}}},"s":{"1":1,"3":1,"4":1,"5":1,"6":1,"7":1,"9":1,"10":38,"12":38,"13":38,"14":38,"15":114,"16":114,"17":114,"18":114,"20":114,"21":114,"22":38,"23":38,"25":38},"branchMap":{"0":{"type":"branch","line":10,"loc":{"start":{"line":10,"column":7},"end":{"line":26,"column":1}},"locations":[{"start":{"line":10,"column":7},"end":{"line":26,"column":1}}]},"1":{"type":"branch","line":15,"loc":{"start":{"line":15,"column":19},"end":{"line":22,"column":17}},"locations":[{"start":{"line":15,"column":19},"end":{"line":22,"column":17}}]},"2":{"type":"branch","line":19,"loc":{"start":{"line":19,"column":62},"end":{"line":19,"column":79}},"locations":[{"start":{"line":19,"column":62},"end":{"line":19,"column":79}}]},"3":{"type":"branch","line":19,"loc":{"start":{"line":19,"column":68},"end":{"line":19,"column":81}},"locations":[{"start":{"line":19,"column":68},"end":{"line":19,"column":81}}]},"4":{"type":"branch","line":18,"loc":{"start":{"line":18,"column":19},"end":{"line":18,"column":47}},"locations":[{"start":{"line":18,"column":19},"end":{"line":18,"column":47}}]}},"b":{"0":[38],"1":[114],"2":[38],"3":[76],"4":[4]},"fnMap":{"0":{"name":"FilterControls","decl":{"start":{"line":10,"column":7},"end":{"line":26,"column":1}},"loc":{"start":{"line":10,"column":7},"end":{"line":26,"column":1}},"line":10},"1":{"name":"onClick","decl":{"start":{"line":18,"column":19},"end":{"line":18,"column":47}},"loc":{"start":{"line":18,"column":19},"end":{"line":18,"column":47}},"line":18}},"f":{"0":38,"1":4}}
,"C:\\Users\\NaftSan\\Desktop\\dev\\react\\todo-test-task-react\\src\\components\\TodoItem.tsx": {"path":"C:\\Users\\NaftSan\\Desktop\\dev\\react\\todo-test-task-react\\src\\components\\TodoItem.tsx","all":false,"statementMap":{"1":{"start":{"line":2,"column":0},"end":{"line":2,"column":51}},"7":{"start":{"line":8,"column":0},"end":{"line":8,"column":51}},"8":{"start":{"line":9,"column":0},"end":{"line":9,"column":48}},"10":{"start":{"line":11,"column":0},"end":{"line":11,"column":30}},"11":{"start":{"line":12,"column":0},"end":{"line":12,"column":24}},"12":{"start":{"line":13,"column":0},"end":{"line":13,"column":4}},"14":{"start":{"line":15,"column":0},"end":{"line":15,"column":30}},"15":{"start":{"line":16,"column":0},"end":{"line":16,"column":24}},"16":{"start":{"line":17,"column":0},"end":{"line":17,"column":4}},"18":{"start":{"line":19,"column":0},"end":{"line":19,"column":10}},"19":{"start":{"line":20,"column":0},"end":{"line":20,"column":69}},"20":{"start":{"line":21,"column":0},"end":{"line":21,"column":41}},"21":{"start":{"line":22,"column":0},"end":{"line":22,"column":14}},"22":{"start":{"line":23,"column":0},"end":{"line":23,"column":25}},"23":{"start":{"line":24,"column":0},"end":{"line":24,"column":34}},"24":{"start":{"line":25,"column":0},"end":{"line":25,"column":33}},"25":{"start":{"line":26,"column":0},"end":{"line":26,"column":35}},"26":{"start":{"line":27,"column":0},"end":{"line":27,"column":10}},"27":{"start":{"line":28,"column":0},"end":{"line":28,"column":54}},"28":{"start":{"line":29,"column":0},"end":{"line":29,"column":12}},"29":{"start":{"line":30,"column":0},"end":{"line":30,"column":13}},"30":{"start":{"line":31,"column":0},"end":{"line":31,"column":30}},"31":{"start":{"line":32,"column":0},"end":{"line":32,"column":33}},"32":{"start":{"line":33,"column":0},"end":{"line":33,"column":32}},"33":{"start":{"line":34,"column":0},"end":{"line":34,"column":7}},"35":{"start":{"line":36,"column":0},"end":{"line":36,"column":15}},"36":{"start":{"line":37,"column":0},"end":{"line":37,"column":9}},"38":{"start":{"line":39,"column":0},"end":{"line":39,"column":1}}},"s":{"1":1,"7":1,"8":38,"10":38,"11":7,"12":7,"14":38,"15":1,"16":1,"18":38,"19":38,"20":38,"21":38,"22":38,"23":38,"24":38,"25":38,"26":38,"27":38,"28":38,"29":38,"30":38,"31":38,"32":38,"33":38,"35":38,"36":38,"38":38},"branchMap":{"0":{"type":"branch","line":8,"loc":{"start":{"line":8,"column":7},"end":{"line":39,"column":1}},"locations":[{"start":{"line":8,"column":7},"end":{"line":39,"column":1}}]},"1":{"type":"branch","line":20,"loc":{"start":{"line":20,"column":37},"end":{"line":20,"column":63}},"locations":[{"start":{"line":20,"column":37},"end":{"line":20,"column":63}}]},"2":{"type":"branch","line":20,"loc":{"start":{"line":20,"column":49},"end":{"line":20,"column":65}},"locations":[{"start":{"line":20,"column":49},"end":{"line":20,"column":65}}]},"3":{"type":"branch","line":11,"loc":{"start":{"line":11,"column":23},"end":{"line":13,"column":4}},"locations":[{"start":{"line":11,"column":23},"end":{"line":13,"column":4}}]},"4":{"type":"branch","line":15,"loc":{"start":{"line":15,"column":23},"end":{"line":17,"column":4}},"locations":[{"start":{"line":15,"column":23},"end":{"line":17,"column":4}}]}},"b":{"0":[38],"1":[9],"2":[29],"3":[7],"4":[1]},"fnMap":{"0":{"name":"TodoItem","decl":{"start":{"line":8,"column":7},"end":{"line":39,"column":1}},"loc":{"start":{"line":8,"column":7},"end":{"line":39,"column":1}},"line":8},"1":{"name":"handleToggle","decl":{"start":{"line":11,"column":23},"end":{"line":13,"column":4}},"loc":{"start":{"line":11,"column":23},"end":{"line":13,"column":4}},"line":11},"2":{"name":"handleDelete","decl":{"start":{"line":15,"column":23},"end":{"line":17,"column":4}},"loc":{"start":{"line":15,"column":23},"end":{"line":17,"column":4}},"line":15}},"f":{"0":38,"1":7,"2":1}}
,"C:\\Users\\NaftSan\\Desktop\\dev\\react\\todo-test-task-react\\src\\components\\TodoList.tsx": {"path":"C:\\Users\\NaftSan\\Desktop\\dev\\react\\todo-test-task-react\\src\\components\\TodoList.tsx","all":false,"statementMap":{"0":{"start":{"line":1,"column":0},"end":{"line":1,"column":51}},"1":{"start":{"line":2,"column":0},"end":{"line":2,"column":38}},"3":{"start":{"line":4,"column":0},"end":{"line":4,"column":28}},"4":{"start":{"line":5,"column":0},"end":{"line":5,"column":42}},"5":{"start":{"line":6,"column":0},"end":{"line":6,"column":43}},"7":{"start":{"line":8,"column":0},"end":{"line":8,"column":35}},"8":{"start":{"line":9,"column":0},"end":{"line":9,"column":12}},"9":{"start":{"line":10,"column":0},"end":{"line":10,"column":39}},"10":{"start":{"line":11,"column":0},"end":{"line":11,"column":43}},"11":{"start":{"line":12,"column":0},"end":{"line":12,"column":12}},"13":{"start":{"line":14,"column":0},"end":{"line":14,"column":3}},"15":{"start":{"line":16,"column":0},"end":{"line":16,"column":10}},"16":{"start":{"line":17,"column":0},"end":{"line":17,"column":41}},"17":{"start":{"line":18,"column":0},"end":{"line":18,"column":32}},"18":{"start":{"line":19,"column":0},"end":{"line":19,"column":36}},"19":{"start":{"line":20,"column":0},"end":{"line":20,"column":48}},"20":{"start":{"line":21,"column":0},"end":{"line":21,"column":11}},"21":{"start":{"line":22,"column":0},"end":{"line":22,"column":11}},"22":{"start":{"line":23,"column":0},"end":{"line":23,"column":10}},"24":{"start":{"line":25,"column":0},"end":{"line":25,"column":1}}},"s":{"0":1,"1":1,"3":1,"4":38,"5":38,"7":38,"8":13,"9":13,"10":13,"11":13,"13":13,"15":25,"16":25,"17":25,"18":25,"19":38,"20":25,"21":25,"22":25,"24":25},"branchMap":{"0":{"type":"branch","line":4,"loc":{"start":{"line":4,"column":7},"end":{"line":25,"column":1}},"locations":[{"start":{"line":4,"column":7},"end":{"line":25,"column":1}}]},"1":{"type":"branch","line":8,"loc":{"start":{"line":8,"column":34},"end":{"line":14,"column":3}},"locations":[{"start":{"line":8,"column":34},"end":{"line":14,"column":3}}]},"2":{"type":"branch","line":14,"loc":{"start":{"line":14,"column":2},"end":{"line":25,"column":1}},"locations":[{"start":{"line":14,"column":2},"end":{"line":25,"column":1}}]},"3":{"type":"branch","line":19,"loc":{"start":{"line":19,"column":27},"end":{"line":20,"column":48}},"locations":[{"start":{"line":19,"column":27},"end":{"line":20,"column":48}}]}},"b":{"0":[38],"1":[13],"2":[25],"3":[38]},"fnMap":{"0":{"name":"TodoList","decl":{"start":{"line":4,"column":7},"end":{"line":25,"column":1}},"loc":{"start":{"line":4,"column":7},"end":{"line":25,"column":1}},"line":4}},"f":{"0":38}}
,"C:\\Users\\NaftSan\\Desktop\\dev\\react\\todo-test-task-react\\src\\components\\TodoStats.tsx": {"path":"C:\\Users\\NaftSan\\Desktop\\dev\\react\\todo-test-task-react\\src\\components\\TodoStats.tsx","all":false,"statementMap":{"0":{"start":{"line":1,"column":0},"end":{"line":1,"column":51}},"2":{"start":{"line":3,"column":0},"end":{"line":3,"column":29}},"3":{"start":{"line":4,"column":0},"end":{"line":4,"column":63}},"4":{"start":{"line":5,"column":0},"end":{"line":5,"column":39}},"5":{"start":{"line":6,"column":0},"end":{"line":6,"column":64}},"7":{"start":{"line":8,"column":0},"end":{"line":8,"column":10}},"8":{"start":{"line":9,"column":0},"end":{"line":9,"column":32}},"9":{"start":{"line":10,"column":0},"end":{"line":10,"column":35}},"10":{"start":{"line":11,"column":0},"end":{"line":11,"column":65}},"11":{"start":{"line":12,"column":0},"end":{"line":12,"column":13}},"13":{"start":{"line":14,"column":0},"end":{"line":14,"column":13}},"14":{"start":{"line":15,"column":0},"end":{"line":15,"column":32}},"15":{"start":{"line":16,"column":0},"end":{"line":16,"column":35}},"16":{"start":{"line":17,"column":0},"end":{"line":17,"column":67}},"18":{"start":{"line":19,"column":0},"end":{"line":19,"column":47}},"19":{"start":{"line":20,"column":0},"end":{"line":20,"column":15}},"20":{"start":{"line":21,"column":0},"end":{"line":21,"column":10}},"22":{"start":{"line":23,"column":0},"end":{"line":23,"column":1}}},"s":{"0":1,"2":1,"3":38,"4":38,"5":38,"7":38,"8":38,"9":38,"10":38,"11":38,"13":38,"14":38,"15":38,"16":38,"18":38,"19":38,"20":38,"22":38},"branchMap":{"0":{"type":"branch","line":3,"loc":{"start":{"line":3,"column":7},"end":{"line":23,"column":1}},"locations":[{"start":{"line":3,"column":7},"end":{"line":23,"column":1}}]},"1":{"type":"branch","line":11,"loc":{"start":{"line":11,"column":39},"end":{"line":11,"column":52}},"locations":[{"start":{"line":11,"column":39},"end":{"line":11,"column":52}}]},"2":{"type":"branch","line":11,"loc":{"start":{"line":11,"column":43},"end":{"line":11,"column":60}},"locations":[{"start":{"line":11,"column":43},"end":{"line":11,"column":60}}]},"3":{"type":"branch","line":17,"loc":{"start":{"line":17,"column":29},"end":{"line":17,"column":56}},"locations":[{"start":{"line":17,"column":29},"end":{"line":17,"column":56}}]},"4":{"type":"branch","line":17,"loc":{"start":{"line":17,"column":44},"end":{"line":17,"column":65}},"locations":[{"start":{"line":17,"column":44},"end":{"line":17,"column":65}}]},"5":{"type":"branch","line":19,"loc":{"start":{"line":19,"column":9},"end":{"line":19,"column":44}},"locations":[{"start":{"line":19,"column":9},"end":{"line":19,"column":44}}]},"6":{"type":"branch","line":19,"loc":{"start":{"line":19,"column":24},"end":{"line":19,"column":47}},"locations":[{"start":{"line":19,"column":24},"end":{"line":19,"column":47}}]},"7":{"type":"branch","line":6,"loc":{"start":{"line":6,"column":40},"end":{"line":6,"column":62}},"locations":[{"start":{"line":6,"column":40},"end":{"line":6,"column":62}}]}},"b":{"0":[38],"1":[17],"2":[21],"3":[9],"4":[29],"5":[9],"6":[29],"7":[35]},"fnMap":{"0":{"name":"TodoStats","decl":{"start":{"line":3,"column":7},"end":{"line":23,"column":1}},"loc":{"start":{"line":3,"column":7},"end":{"line":23,"column":1}},"line":3}},"f":{"0":38}}
,"C:\\Users\\NaftSan\\Desktop\\dev\\react\\todo-test-task-react\\src\\contexts\\TodoContext.tsx": {"path":"C:\\Users\\NaftSan\\Desktop\\dev\\react\\todo-test-task-react\\src\\contexts\\TodoContext.tsx","all":false,"statementMap":{"0":{"start":{"line":1,"column":0},"end":{"line":1,"column":69}},"11":{"start":{"line":12,"column":0},"end":{"line":12,"column":33}},"12":{"start":{"line":13,"column":0},"end":{"line":13,"column":12}},"13":{"start":{"line":14,"column":0},"end":{"line":14,"column":16}},"14":{"start":{"line":15,"column":0},"end":{"line":15,"column":2}},"16":{"start":{"line":17,"column":0},"end":{"line":17,"column":71}},"17":{"start":{"line":18,"column":0},"end":{"line":18,"column":24}},"18":{"start":{"line":19,"column":0},"end":{"line":19,"column":22}},"19":{"start":{"line":20,"column":0},"end":{"line":20,"column":29}},"20":{"start":{"line":21,"column":0},"end":{"line":21,"column":32}},"21":{"start":{"line":22,"column":0},"end":{"line":22,"column":36}},"22":{"start":{"line":23,"column":0},"end":{"line":23,"column":25}},"23":{"start":{"line":24,"column":0},"end":{"line":24,"column":30}},"24":{"start":{"line":25,"column":0},"end":{"line":25,"column":8}},"25":{"start":{"line":26,"column":0},"end":{"line":26,"column":14}},"26":{"start":{"line":27,"column":0},"end":{"line":27,"column":17}},"27":{"start":{"line":28,"column":0},"end":{"line":28,"column":41}},"28":{"start":{"line":29,"column":0},"end":{"line":29,"column":8}},"29":{"start":{"line":30,"column":0},"end":{"line":30,"column":5}},"31":{"start":{"line":32,"column":0},"end":{"line":32,"column":23}},"32":{"start":{"line":33,"column":0},"end":{"line":33,"column":14}},"33":{"start":{"line":34,"column":0},"end":{"line":34,"column":17}},"34":{"start":{"line":35,"column":0},"end":{"line":35,"column":38}},"35":{"start":{"line":36,"column":0},"end":{"line":36,"column":36}},"36":{"start":{"line":37,"column":0},"end":{"line":37,"column":53}},"37":{"start":{"line":38,"column":0},"end":{"line":38,"column":18}},"38":{"start":{"line":39,"column":0},"end":{"line":39,"column":10}},"39":{"start":{"line":40,"column":0},"end":{"line":40,"column":8}},"41":{"start":{"line":42,"column":0},"end":{"line":42,"column":23}},"42":{"start":{"line":43,"column":0},"end":{"line":43,"column":14}},"43":{"start":{"line":44,"column":0},"end":{"line":44,"column":17}},"44":{"start":{"line":45,"column":0},"end":{"line":45,"column":70}},"45":{"start":{"line":46,"column":0},"end":{"line":46,"column":8}},"47":{"start":{"line":48,"column":0},"end":{"line":48,"column":27}},"48":{"start":{"line":49,"column":0},"end":{"line":49,"column":14}},"49":{"start":{"line":50,"column":0},"end":{"line":50,"column":17}},"50":{"start":{"line":51,"column":0},"end":{"line":51,"column":59}},"51":{"start":{"line":52,"column":0},"end":{"line":52,"column":8}},"53":{"start":{"line":54,"column":0},"end":{"line":54,"column":22}},"54":{"start":{"line":55,"column":0},"end":{"line":55,"column":14}},"55":{"start":{"line":56,"column":0},"end":{"line":56,"column":17}},"56":{"start":{"line":57,"column":0},"end":{"line":57,"column":31}},"57":{"start":{"line":58,"column":0},"end":{"line":58,"column":8}},"59":{"start":{"line":60,"column":0},"end":{"line":60,"column":12}},"60":{"start":{"line":61,"column":0},"end":{"line":61,"column":19}},"61":{"start":{"line":62,"column":0},"end":{"line":62,"column":3}},"62":{"start":{"line":63,"column":0},"end":{"line":63,"column":1}},"64":{"start":{"line":65,"column":0},"end":{"line":65,"column":74}},"70":{"start":{"line":71,"column":0},"end":{"line":71,"column":63}},"71":{"start":{"line":72,"column":0},"end":{"line":72,"column":66}},"73":{"start":{"line":74,"column":0},"end":{"line":74,"column":37}},"74":{"start":{"line":75,"column":0},"end":{"line":75,"column":22}},"75":{"start":{"line":76,"column":0},"end":{"line":76,"column":52}},"76":{"start":{"line":77,"column":0},"end":{"line":77,"column":5}},"77":{"start":{"line":78,"column":0},"end":{"line":78,"column":4}},"79":{"start":{"line":80,"column":0},"end":{"line":80,"column":38}},"80":{"start":{"line":81,"column":0},"end":{"line":81,"column":51}},"81":{"start":{"line":82,"column":0},"end":{"line":82,"column":4}},"83":{"start":{"line":84,"column":0},"end":{"line":84,"column":38}},"84":{"start":{"line":85,"column":0},"end":{"line":85,"column":51}},"85":{"start":{"line":86,"column":0},"end":{"line":86,"column":4}},"87":{"start":{"line":88,"column":0},"end":{"line":88,"column":32}},"88":{"start":{"line":89,"column":0},"end":{"line":89,"column":42}},"89":{"start":{"line":90,"column":0},"end":{"line":90,"column":4}},"91":{"start":{"line":92,"column":0},"end":{"line":92,"column":45}},"92":{"start":{"line":93,"column":0},"end":{"line":93,"column":54}},"93":{"start":{"line":94,"column":0},"end":{"line":94,"column":4}},"95":{"start":{"line":96,"column":0},"end":{"line":96,"column":42}},"96":{"start":{"line":97,"column":0},"end":{"line":97,"column":27}},"97":{"start":{"line":98,"column":0},"end":{"line":98,"column":20}},"98":{"start":{"line":99,"column":0},"end":{"line":99,"column":59}},"99":{"start":{"line":100,"column":0},"end":{"line":100,"column":23}},"100":{"start":{"line":101,"column":0},"end":{"line":101,"column":58}},"101":{"start":{"line":102,"column":0},"end":{"line":102,"column":14}},"102":{"start":{"line":103,"column":0},"end":{"line":103,"column":27}},"103":{"start":{"line":104,"column":0},"end":{"line":104,"column":5}},"104":{"start":{"line":105,"column":0},"end":{"line":105,"column":4}},"106":{"start":{"line":107,"column":0},"end":{"line":107,"column":40}},"107":{"start":{"line":108,"column":0},"end":{"line":108,"column":62}},"108":{"start":{"line":109,"column":0},"end":{"line":109,"column":4}},"110":{"start":{"line":111,"column":0},"end":{"line":111,"column":34}},"111":{"start":{"line":112,"column":0},"end":{"line":112,"column":10}},"112":{"start":{"line":113,"column":0},"end":{"line":113,"column":12}},"113":{"start":{"line":114,"column":0},"end":{"line":114,"column":15}},"114":{"start":{"line":115,"column":0},"end":{"line":115,"column":15}},"115":{"start":{"line":116,"column":0},"end":{"line":116,"column":19}},"116":{"start":{"line":117,"column":0},"end":{"line":117,"column":14}},"117":{"start":{"line":118,"column":0},"end":{"line":118,"column":21}},"118":{"start":{"line":119,"column":0},"end":{"line":119,"column":19}},"119":{"start":{"line":120,"column":0},"end":{"line":120,"column":4}},"121":{"start":{"line":122,"column":0},"end":{"line":122,"column":79}},"122":{"start":{"line":123,"column":0},"end":{"line":123,"column":1}},"124":{"start":{"line":125,"column":0},"end":{"line":125,"column":45}},"125":{"start":{"line":126,"column":0},"end":{"line":126,"column":42}},"126":{"start":{"line":127,"column":0},"end":{"line":127,"column":30}},"127":{"start":{"line":128,"column":0},"end":{"line":128,"column":67}},"128":{"start":{"line":129,"column":0},"end":{"line":129,"column":3}},"129":{"start":{"line":130,"column":0},"end":{"line":130,"column":17}},"130":{"start":{"line":131,"column":0},"end":{"line":131,"column":1}}},"s":{"0":1,"11":1,"12":1,"13":1,"14":1,"16":27,"17":27,"18":27,"19":14,"20":14,"21":14,"22":14,"23":14,"24":14,"25":14,"26":14,"27":14,"28":14,"29":14,"31":27,"32":7,"33":7,"34":7,"35":13,"36":7,"37":6,"38":7,"39":7,"41":27,"42":1,"43":1,"44":1,"45":1,"47":27,"48":1,"49":1,"50":1,"51":1,"53":27,"54":4,"55":4,"56":4,"57":4,"59":27,"60":0,"61":27,"62":27,"64":1,"70":1,"71":38,"73":38,"74":14,"75":14,"76":14,"77":14,"79":38,"80":7,"81":7,"83":38,"84":1,"85":1,"87":38,"88":1,"89":1,"91":38,"92":4,"93":4,"95":38,"96":38,"97":38,"98":2,"99":38,"100":1,"101":38,"102":35,"103":38,"104":38,"106":38,"107":38,"108":38,"110":38,"111":38,"112":38,"113":38,"114":38,"115":38,"116":38,"117":38,"118":38,"119":38,"121":38,"122":38,"124":1,"125":344,"126":344,"127":0,"128":0,"129":344,"130":344},"branchMap":{"0":{"type":"branch","line":17,"loc":{"start":{"line":17,"column":0},"end":{"line":63,"column":1}},"locations":[{"start":{"line":17,"column":0},"end":{"line":63,"column":1}}]},"1":{"type":"branch","line":19,"loc":{"start":{"line":19,"column":4},"end":{"line":30,"column":5}},"locations":[{"start":{"line":19,"column":4},"end":{"line":30,"column":5}}]},"2":{"type":"branch","line":32,"loc":{"start":{"line":32,"column":4},"end":{"line":40,"column":8}},"locations":[{"start":{"line":32,"column":4},"end":{"line":40,"column":8}}]},"3":{"type":"branch","line":42,"loc":{"start":{"line":42,"column":4},"end":{"line":46,"column":8}},"locations":[{"start":{"line":42,"column":4},"end":{"line":46,"column":8}}]},"4":{"type":"branch","line":48,"loc":{"start":{"line":48,"column":4},"end":{"line":52,"column":8}},"locations":[{"start":{"line":48,"column":4},"end":{"line":52,"column":8}}]},"5":{"type":"branch","line":54,"loc":{"start":{"line":54,"column":4},"end":{"line":58,"column":8}},"locations":[{"start":{"line":54,"column":4},"end":{"line":58,"column":8}}]},"6":{"type":"branch","line":60,"loc":{"start":{"line":60,"column":4},"end":{"line":61,"column":19}},"locations":[{"start":{"line":60,"column":4},"end":{"line":61,"column":19}}]},"7":{"type":"branch","line":35,"loc":{"start":{"line":35,"column":31},"end":{"line":38,"column":18}},"locations":[{"start":{"line":35,"column":31},"end":{"line":38,"column":18}}]},"8":{"type":"branch","line":36,"loc":{"start":{"line":36,"column":29},"end":{"line":37,"column":53}},"locations":[{"start":{"line":36,"column":29},"end":{"line":37,"column":53}}]},"9":{"type":"branch","line":37,"loc":{"start":{"line":37,"column":52},"end":{"line":38,"column":18}},"locations":[{"start":{"line":37,"column":52},"end":{"line":38,"column":18}}]},"10":{"type":"branch","line":45,"loc":{"start":{"line":45,"column":34},"end":{"line":45,"column":68}},"locations":[{"start":{"line":45,"column":34},"end":{"line":45,"column":68}}]},"11":{"type":"branch","line":51,"loc":{"start":{"line":51,"column":34},"end":{"line":51,"column":57}},"locations":[{"start":{"line":51,"column":34},"end":{"line":51,"column":57}}]},"12":{"type":"branch","line":71,"loc":{"start":{"line":71,"column":7},"end":{"line":123,"column":1}},"locations":[{"start":{"line":71,"column":7},"end":{"line":123,"column":1}}]},"13":{"type":"branch","line":74,"loc":{"start":{"line":74,"column":18},"end":{"line":78,"column":4}},"locations":[{"start":{"line":74,"column":18},"end":{"line":78,"column":4}}]},"14":{"type":"branch","line":80,"loc":{"start":{"line":80,"column":21},"end":{"line":82,"column":4}},"locations":[{"start":{"line":80,"column":21},"end":{"line":82,"column":4}}]},"15":{"type":"branch","line":84,"loc":{"start":{"line":84,"column":21},"end":{"line":86,"column":4}},"locations":[{"start":{"line":84,"column":21},"end":{"line":86,"column":4}}]},"16":{"type":"branch","line":88,"loc":{"start":{"line":88,"column":25},"end":{"line":90,"column":4}},"locations":[{"start":{"line":88,"column":25},"end":{"line":90,"column":4}}]},"17":{"type":"branch","line":92,"loc":{"start":{"line":92,"column":20},"end":{"line":94,"column":4}},"locations":[{"start":{"line":92,"column":20},"end":{"line":94,"column":4}}]},"18":{"type":"branch","line":96,"loc":{"start":{"line":96,"column":27},"end":{"line":105,"column":4}},"locations":[{"start":{"line":96,"column":27},"end":{"line":105,"column":4}}]},"19":{"type":"branch","line":98,"loc":{"start":{"line":98,"column":6},"end":{"line":99,"column":59}},"locations":[{"start":{"line":98,"column":6},"end":{"line":99,"column":59}}]},"20":{"type":"branch","line":100,"loc":{"start":{"line":100,"column":6},"end":{"line":101,"column":58}},"locations":[{"start":{"line":100,"column":6},"end":{"line":101,"column":58}}]},"21":{"type":"branch","line":102,"loc":{"start":{"line":102,"column":6},"end":{"line":103,"column":27}},"locations":[{"start":{"line":102,"column":6},"end":{"line":103,"column":27}}]},"22":{"type":"branch","line":99,"loc":{"start":{"line":99,"column":34},"end":{"line":99,"column":57}},"locations":[{"start":{"line":99,"column":34},"end":{"line":99,"column":57}}]},"23":{"type":"branch","line":101,"loc":{"start":{"line":101,"column":34},"end":{"line":101,"column":56}},"locations":[{"start":{"line":101,"column":34},"end":{"line":101,"column":56}}]},"24":{"type":"branch","line":107,"loc":{"start":{"line":107,"column":25},"end":{"line":109,"column":4}},"locations":[{"start":{"line":107,"column":25},"end":{"line":109,"column":4}}]},"25":{"type":"branch","line":108,"loc":{"start":{"line":108,"column":30},"end":{"line":108,"column":53}},"locations":[{"start":{"line":108,"column":30},"end":{"line":108,"column":53}}]},"26":{"type":"branch","line":125,"loc":{"start":{"line":125,"column":7},"end":{"line":131,"column":1}},"locations":[{"start":{"line":125,"column":7},"end":{"line":131,"column":1}}]},"27":{"type":"branch","line":127,"loc":{"start":{"line":127,"column":29},"end":{"line":129,"column":3}},"locations":[{"start":{"line":127,"column":29},"end":{"line":129,"column":3}}]}},"b":{"0":[27],"1":[14],"2":[7],"3":[1],"4":[1],"5":[4],"6":[0],"7":[13],"8":[7],"9":[6],"10":[1],"11":[3],"12":[38],"13":[14],"14":[7],"15":[1],"16":[1],"17":[4],"18":[38],"19":[2],"20":[1],"21":[35],"22":[2],"23":[2],"24":[38],"25":[40],"26":[344],"27":[0]},"fnMap":{"0":{"name":"todoReducer","decl":{"start":{"line":17,"column":0},"end":{"line":63,"column":1}},"loc":{"start":{"line":17,"column":0},"end":{"line":63,"column":1}},"line":17},"1":{"name":"TodoProvider","decl":{"start":{"line":71,"column":7},"end":{"line":123,"column":1}},"loc":{"start":{"line":71,"column":7},"end":{"line":123,"column":1}},"line":71},"2":{"name":"addTodo","decl":{"start":{"line":74,"column":18},"end":{"line":78,"column":4}},"loc":{"start":{"line":74,"column":18},"end":{"line":78,"column":4}},"line":74},"3":{"name":"toggleTodo","decl":{"start":{"line":80,"column":21},"end":{"line":82,"column":4}},"loc":{"start":{"line":80,"column":21},"end":{"line":82,"column":4}},"line":80},"4":{"name":"deleteTodo","decl":{"start":{"line":84,"column":21},"end":{"line":86,"column":4}},"loc":{"start":{"line":84,"column":21},"end":{"line":86,"column":4}},"line":84},"5":{"name":"clearCompleted","decl":{"start":{"line":88,"column":25},"end":{"line":90,"column":4}},"loc":{"start":{"line":88,"column":25},"end":{"line":90,"column":4}},"line":88},"6":{"name":"setFilter","decl":{"start":{"line":92,"column":20},"end":{"line":94,"column":4}},"loc":{"start":{"line":92,"column":20},"end":{"line":94,"column":4}},"line":92},"7":{"name":"getFilteredTodos","decl":{"start":{"line":96,"column":27},"end":{"line":105,"column":4}},"loc":{"start":{"line":96,"column":27},"end":{"line":105,"column":4}},"line":96},"8":{"name":"getActiveCount","decl":{"start":{"line":107,"column":25},"end":{"line":109,"column":4}},"loc":{"start":{"line":107,"column":25},"end":{"line":109,"column":4}},"line":107},"9":{"name":"useTodos","decl":{"start":{"line":125,"column":7},"end":{"line":131,"column":1}},"loc":{"start":{"line":125,"column":7},"end":{"line":131,"column":1}},"line":125}},"f":{"0":27,"1":38,"2":14,"3":7,"4":1,"5":1,"6":4,"7":38,"8":38,"9":344}}
,"C:\\Users\\NaftSan\\Desktop\\dev\\react\\todo-test-task-react\\src\\types\\todo.ts": {"path":"C:\\Users\\NaftSan\\Desktop\\dev\\react\\todo-test-task-react\\src\\types\\todo.ts","all":true,"statementMap":{},"s":{},"branchMap":{"0":{"type":"branch","line":1,"loc":{"start":{"line":1,"column":552},"end":{"line":24,"column":1}},"locations":[{"start":{"line":1,"column":552},"end":{"line":24,"column":1}}]}},"b":{"0":[1]},"fnMap":{"0":{"name":"(empty-report)","decl":{"start":{"line":1,"column":552},"end":{"line":24,"column":1}},"loc":{"start":{"line":1,"column":552},"end":{"line":24,"column":1}},"line":1}},"f":{"0":1}}
}
